****************************__bnd
MonadObject {x: Object}
****************************__bnd
MonadObject {x: Object}
***********************************************__ret
MonadObject {x: Object}
MonadObject {x: Object}
*************************************************__ret
****************************__bnd
MonadObject {x: Object}
***********************************************__ret
MonadObject {x: Object}
MonadObject {x: Object}
*************************************************__ret
****************************__bnd
MonadObject {x: Object}
****************************__bnd
MonadObject {x: Object}
****************************__bnd
MonadObject {x: Object}
****************************__bnd
MonadObject {x: Object}
****************************__bnd
MonadObject {x: Object}
Uncaught TypeError: func.apply is not a function
****************************__bnd
MonadObject {x: Object}
****************************__bnd
MonadObject {x: Object}
Uncaught TypeError: func.apply is not a function
***********************************************__ret
MonadObject {x: Object}
MonadObject {x: Object}
*************************************************__ret
***********************************************__ret
MonadObject {x: Object}
MonadObject {x: Object}
*************************************************__ret
***********************************************__ret
MonadObject {x: Object}
MonadObject {x: Object}
*************************************************__ret
****************************__bnd
MonadObject {x: Object}
Uncaught TypeError: func.apply is not a function
***********************************************__ret
MonadObject {x: Object}
MonadObject {x: Object}
*************************************************__ret
***********************************************__ret
MonadObject {x: Object}
MonadObject {x: Object}
*************************************************__ret
****************************__bnd
MonadObject {x: Object}
Uncaught TypeError: func.apply is not a function
***********************************************__ret
MonadObject {x: Object}
MonadObject {x: Object}
*************************************************__ret
***********************************************__ret
MonadObject {x: Object}
MonadObject {x: Object}
*************************************************__ret
****************************__bnd
MonadObject {x: Object}
Uncaught TypeError: func.apply is not a function
***********************************************__ret
MonadObject {x: Object}
MonadObject {x: Object}
*************************************************__ret
***********************************************__ret
MonadObject {x: Object}
MonadObject {x: Object}
*************************************************__ret
****************************__bnd
MonadObject {x: Object}
Uncaught TypeError: func.apply is not a function
***********************************************__ret
MonadObject {x: Object}
MonadObject {x: Object}
*************************************************__ret
****************************__bnd
MonadObject {x: Object}
***********************************************__ret
MonadObject {x: Object}
MonadObject {x: Object}
*************************************************__ret
****************************__bnd
MonadObject {x: Object}
****************************__bnd
MonadObject {x: Object}
***********************************************__ret
MonadObject {x: Object}
MonadObject {x: Object}
*************************************************__ret
***********************************************__ret
MonadObject {x: Object}
MonadObject {x: Object}
*************************************************__ret
****************************__bnd
MonadObject {x: Object}
Uncaught TypeError: func.apply is not a function
***********************************************__ret
MonadObject {x: Object}
MonadObject {x: Object}
*************************************************__ret
****************************__bnd
MonadObject {x: Object}
***********************************************__ret
MonadObject {x: Object}
MonadObject {x: Object}
*************************************************__ret
****************************__bnd
MonadObject {x: Object}
****************************__bnd
MonadObject {x: Object}
***********************************************__ret
MonadObject {x: Object}
MonadObject {x: Object}
*************************************************__ret
***********************************************__ret
MonadObject {x: Object}
MonadObject {x: Object}
*************************************************__ret
****************************__bnd
MonadObject {x: Object}
Uncaught TypeError: func.apply is not a function
